<?xml version="1.0" encoding="UTF-8"?>
<!-- Generated by org.testng.reporters.JUnitReportReporter -->
<testsuite skipped="0" hostname="LAPTOP-NH7H09NS" name="myrunner.MyTestRunner" tests="1" failures="0" timestamp="19 Apr 2020 21:02:18 GMT" time="0.052" errors="0">
  <testcase name="feature" time="0.052" classname="myrunner.MyTestRunner"/>
</testsuite> <!-- myrunner.MyTestRunner -->
